
*** Running vivado
    with args -log top.vds -m64 -mode batch -messageDb vivado.pb -notrace -source top.tcl


****** Vivado v2016.1 (64-bit)
  **** SW Build 1538259 on Fri Apr  8 15:45:27 MDT 2016
  **** IP Build 1537824 on Fri Apr  8 04:28:57 MDT 2016
    ** Copyright 1986-2016 Xilinx, Inc. All Rights Reserved.

source top.tcl -notrace
Command: synth_design -top top -part xc7k70tfbv676-1
Starting synth_design
Attempting to get a license for feature 'Synthesis' and/or device 'xc7k70t'
INFO: [Common 17-349] Got license for feature 'Synthesis' and/or device 'xc7k70t'
INFO: Launching helper process for spawning children vivado processes
INFO: Helper process launched with PID 7996 
---------------------------------------------------------------------------------
Starting Synthesize : Time (s): cpu = 00:00:05 ; elapsed = 00:00:08 . Memory (MB): peak = 282.723 ; gain = 76.418
---------------------------------------------------------------------------------
INFO: [Synth 8-638] synthesizing module 'top' [D:/imt/carrefour/carrefour.srcs/sources_1/new/top.vhd:25]
	Parameter NB_DISPLAY bound to: 8 - type: integer 
	Parameter NB_DISPLAY bound to: 8 - type: integer 
	Parameter NB_OUTPUT_SIG bound to: 4 - type: integer 
	Parameter NB_SELECTION bound to: 4 - type: integer 
INFO: [Synth 8-3491] module 'operative' declared at 'D:/imt/carrefour/carrefour.srcs/sources_1/new/operative.vhd:5' bound to instance 'u_operative' of component 'operative' [D:/imt/carrefour/carrefour.srcs/sources_1/new/top.vhd:89]
INFO: [Synth 8-638] synthesizing module 'operative' [D:/imt/carrefour/carrefour.srcs/sources_1/new/operative.vhd:33]
	Parameter NB_DISPLAY bound to: 8 - type: integer 
	Parameter NB_OUTPUT_SIG bound to: 4 - type: integer 
	Parameter NB_SELECTION bound to: 4 - type: integer 
	Parameter G_SIZE bound to: 5 - type: integer 
	Parameter G_MAX bound to: 20 - type: integer 
INFO: [Synth 8-3491] module 'counter_1s' declared at 'D:/imt/carrefour/carrefour.srcs/sources_1/new/counter_1s.vhd:6' bound to instance 'u_counter_1s' of component 'counter_1s' [D:/imt/carrefour/carrefour.srcs/sources_1/new/operative.vhd:110]
INFO: [Synth 8-638] synthesizing module 'counter_1s' [D:/imt/carrefour/carrefour.srcs/sources_1/new/counter_1s.vhd:18]
	Parameter G_SIZE bound to: 5 - type: integer 
	Parameter G_MAX bound to: 20 - type: integer 
INFO: [Synth 8-256] done synthesizing module 'counter_1s' (1#1) [D:/imt/carrefour/carrefour.srcs/sources_1/new/counter_1s.vhd:18]
	Parameter G_SIZE bound to: 4 - type: integer 
INFO: [Synth 8-3491] module 'counter_sec' declared at 'D:/imt/carrefour/carrefour.srcs/sources_1/new/counter_sec.vhd:6' bound to instance 'u_counter_9s' of component 'counter_sec' [D:/imt/carrefour/carrefour.srcs/sources_1/new/operative.vhd:122]
INFO: [Synth 8-638] synthesizing module 'counter_sec' [D:/imt/carrefour/carrefour.srcs/sources_1/new/counter_sec.vhd:20]
	Parameter G_SIZE bound to: 4 - type: integer 
INFO: [Synth 8-256] done synthesizing module 'counter_sec' (2#1) [D:/imt/carrefour/carrefour.srcs/sources_1/new/counter_sec.vhd:20]
	Parameter G_SIZE bound to: 4 - type: integer 
INFO: [Synth 8-3491] module 'counter_sec' declared at 'D:/imt/carrefour/carrefour.srcs/sources_1/new/counter_sec.vhd:6' bound to instance 'u_counter_7s' of component 'counter_sec' [D:/imt/carrefour/carrefour.srcs/sources_1/new/operative.vhd:136]
	Parameter G_SIZE bound to: 4 - type: integer 
INFO: [Synth 8-3491] module 'counter_sec' declared at 'D:/imt/carrefour/carrefour.srcs/sources_1/new/counter_sec.vhd:6' bound to instance 'u_counter_4s' of component 'counter_sec' [D:/imt/carrefour/carrefour.srcs/sources_1/new/operative.vhd:150]
	Parameter G_SIZE bound to: 4 - type: integer 
INFO: [Synth 8-3491] module 'counter_sec' declared at 'D:/imt/carrefour/carrefour.srcs/sources_1/new/counter_sec.vhd:6' bound to instance 'u_counter_2s' of component 'counter_sec' [D:/imt/carrefour/carrefour.srcs/sources_1/new/operative.vhd:164]
	Parameter NB_OUTPUT_SIG bound to: 4 - type: integer 
	Parameter NB_SELECTION bound to: 4 - type: integer 
INFO: [Synth 8-3491] module 'mux' declared at 'D:/imt/carrefour/carrefour.srcs/sources_1/new/mux.vhd:5' bound to instance 'u_mux' of component 'mux' [D:/imt/carrefour/carrefour.srcs/sources_1/new/operative.vhd:178]
INFO: [Synth 8-638] synthesizing module 'mux' [D:/imt/carrefour/carrefour.srcs/sources_1/new/mux.vhd:19]
	Parameter NB_OUTPUT_SIG bound to: 4 - type: integer 
	Parameter NB_SELECTION bound to: 4 - type: integer 
INFO: [Synth 8-256] done synthesizing module 'mux' (3#1) [D:/imt/carrefour/carrefour.srcs/sources_1/new/mux.vhd:19]
	Parameter NB_OUTPUT_SIG bound to: 4 - type: integer 
	Parameter NB_DISPLAY bound to: 8 - type: integer 
INFO: [Synth 8-3491] module 'deco' declared at 'D:/imt/carrefour/carrefour.srcs/sources_1/new/deco.vhd:5' bound to instance 'u_deco' of component 'deco' [D:/imt/carrefour/carrefour.srcs/sources_1/new/operative.vhd:191]
INFO: [Synth 8-638] synthesizing module 'deco' [D:/imt/carrefour/carrefour.srcs/sources_1/new/deco.vhd:16]
	Parameter NB_OUTPUT_SIG bound to: 4 - type: integer 
	Parameter NB_DISPLAY bound to: 8 - type: integer 
INFO: [Synth 8-256] done synthesizing module 'deco' (4#1) [D:/imt/carrefour/carrefour.srcs/sources_1/new/deco.vhd:16]
INFO: [Synth 8-256] done synthesizing module 'operative' (5#1) [D:/imt/carrefour/carrefour.srcs/sources_1/new/operative.vhd:33]
INFO: [Synth 8-3491] module 'control' declared at 'D:/imt/carrefour/carrefour.srcs/sources_1/new/control.vhd:5' bound to instance 'u_control' of component 'control' [D:/imt/carrefour/carrefour.srcs/sources_1/new/top.vhd:109]
INFO: [Synth 8-638] synthesizing module 'control' [D:/imt/carrefour/carrefour.srcs/sources_1/new/control.vhd:32]
INFO: [Synth 8-256] done synthesizing module 'control' (6#1) [D:/imt/carrefour/carrefour.srcs/sources_1/new/control.vhd:32]
INFO: [Synth 8-256] done synthesizing module 'top' (7#1) [D:/imt/carrefour/carrefour.srcs/sources_1/new/top.vhd:25]
---------------------------------------------------------------------------------
Finished Synthesize : Time (s): cpu = 00:00:05 ; elapsed = 00:00:09 . Memory (MB): peak = 319.168 ; gain = 112.863
---------------------------------------------------------------------------------
---------------------------------------------------------------------------------
Finished Constraint Validation : Time (s): cpu = 00:00:06 ; elapsed = 00:00:09 . Memory (MB): peak = 319.168 ; gain = 112.863
---------------------------------------------------------------------------------
---------------------------------------------------------------------------------
Start Loading Part and Timing Information
---------------------------------------------------------------------------------
Loading part: xc7k70tfbv676-1
INFO: [Device 21-403] Loading part xc7k70tfbv676-1
---------------------------------------------------------------------------------
Finished Loading Part and Timing Information : Time (s): cpu = 00:00:06 ; elapsed = 00:00:09 . Memory (MB): peak = 319.168 ; gain = 112.863
---------------------------------------------------------------------------------
INFO: [Synth 8-5546] ROM "o_endcount" won't be mapped to RAM because it is too sparse
INFO: [Synth 8-5544] ROM "o_endcount" won't be mapped to Block RAM because address size (4) smaller than threshold (5)
INFO: [Synth 8-802] inferred FSM for state register 's_present_reg' in module 'control'
---------------------------------------------------------------------------------------------------
                   State |                     New Encoding |                Previous Encoding 
---------------------------------------------------------------------------------------------------
                      s0 |                          0000001 |                              000
                      s1 |                          0000010 |                              001
                      s2 |                          0000100 |                              010
                      s3 |                          0001000 |                              011
                      s4 |                          0010000 |                              100
                      s5 |                          0100000 |                              101
                      s6 |                          1000000 |                              110
---------------------------------------------------------------------------------------------------
INFO: [Synth 8-3354] encoded FSM with state register 's_present_reg' using encoding 'one-hot' in module 'control'
---------------------------------------------------------------------------------
Finished RTL Optimization Phase 2 : Time (s): cpu = 00:00:06 ; elapsed = 00:00:09 . Memory (MB): peak = 328.777 ; gain = 122.473
---------------------------------------------------------------------------------

Report RTL Partitions: 
+-+--------------+------------+----------+
| |RTL Partition |Replication |Instances |
+-+--------------+------------+----------+
+-+--------------+------------+----------+
No constraint files found.
---------------------------------------------------------------------------------
Start RTL Component Statistics 
---------------------------------------------------------------------------------
Detailed RTL Component Info : 
+---Adders : 
	   2 Input      5 Bit       Adders := 1     
	   2 Input      4 Bit       Adders := 4     
+---Registers : 
	                5 Bit    Registers := 1     
	                4 Bit    Registers := 4     
+---Muxes : 
	  12 Input      8 Bit        Muxes := 1     
	   2 Input      5 Bit        Muxes := 2     
	   2 Input      4 Bit        Muxes := 14    
	   7 Input      4 Bit        Muxes := 1     
	   2 Input      3 Bit        Muxes := 3     
	   7 Input      3 Bit        Muxes := 2     
	   2 Input      2 Bit        Muxes := 1     
	   2 Input      1 Bit        Muxes := 9     
	   7 Input      1 Bit        Muxes := 1     
---------------------------------------------------------------------------------
Finished RTL Component Statistics 
---------------------------------------------------------------------------------
---------------------------------------------------------------------------------
Start RTL Hierarchical Component Statistics 
---------------------------------------------------------------------------------
Hierarchical RTL Component report 
Module counter_1s 
Detailed RTL Component Info : 
+---Adders : 
	   2 Input      5 Bit       Adders := 1     
+---Registers : 
	                5 Bit    Registers := 1     
+---Muxes : 
	   2 Input      5 Bit        Muxes := 2     
	   2 Input      1 Bit        Muxes := 1     
Module counter_sec 
Detailed RTL Component Info : 
+---Adders : 
	   2 Input      4 Bit       Adders := 1     
+---Registers : 
	                4 Bit    Registers := 1     
+---Muxes : 
	   2 Input      4 Bit        Muxes := 3     
	   2 Input      1 Bit        Muxes := 2     
Module mux 
Detailed RTL Component Info : 
+---Muxes : 
	   2 Input      4 Bit        Muxes := 1     
Module deco 
Detailed RTL Component Info : 
+---Muxes : 
	  12 Input      8 Bit        Muxes := 1     
Module control 
Detailed RTL Component Info : 
+---Muxes : 
	   2 Input      4 Bit        Muxes := 1     
	   7 Input      4 Bit        Muxes := 1     
	   2 Input      3 Bit        Muxes := 3     
	   7 Input      3 Bit        Muxes := 2     
	   2 Input      2 Bit        Muxes := 1     
	   7 Input      1 Bit        Muxes := 1     
---------------------------------------------------------------------------------
Finished RTL Hierarchical Component Statistics
---------------------------------------------------------------------------------
---------------------------------------------------------------------------------
Start Part Resource Summary
---------------------------------------------------------------------------------
Part Resources:
DSPs: 240 (col length:80)
BRAMs: 270 (col length: RAMB18 80 RAMB36 40)
---------------------------------------------------------------------------------
Finished Part Resource Summary
---------------------------------------------------------------------------------
Start Parallel Synthesis Optimization  : Time (s): cpu = 00:00:09 ; elapsed = 00:00:14 . Memory (MB): peak = 433.742 ; gain = 227.438
---------------------------------------------------------------------------------
Start Cross Boundary Optimization
---------------------------------------------------------------------------------
---------------------------------------------------------------------------------
Finished Cross Boundary Optimization : Time (s): cpu = 00:00:09 ; elapsed = 00:00:14 . Memory (MB): peak = 433.742 ; gain = 227.438
---------------------------------------------------------------------------------
Finished Parallel Reinference  : Time (s): cpu = 00:00:09 ; elapsed = 00:00:14 . Memory (MB): peak = 433.742 ; gain = 227.438

Report RTL Partitions: 
+-+--------------+------------+----------+
| |RTL Partition |Replication |Instances |
+-+--------------+------------+----------+
+-+--------------+------------+----------+
No constraint files found.
---------------------------------------------------------------------------------
Start Area Optimization
---------------------------------------------------------------------------------
---------------------------------------------------------------------------------
Finished Area Optimization : Time (s): cpu = 00:00:10 ; elapsed = 00:00:15 . Memory (MB): peak = 455.719 ; gain = 249.414
---------------------------------------------------------------------------------
Finished Parallel Area Optimization  : Time (s): cpu = 00:00:10 ; elapsed = 00:00:15 . Memory (MB): peak = 455.719 ; gain = 249.414

Report RTL Partitions: 
+-+--------------+------------+----------+
| |RTL Partition |Replication |Instances |
+-+--------------+------------+----------+
+-+--------------+------------+----------+
---------------------------------------------------------------------------------
Start Timing Optimization
---------------------------------------------------------------------------------
No constraint files found.
---------------------------------------------------------------------------------
Finished Timing Optimization : Time (s): cpu = 00:00:10 ; elapsed = 00:00:15 . Memory (MB): peak = 455.719 ; gain = 249.414
---------------------------------------------------------------------------------

Report RTL Partitions: 
+-+--------------+------------+----------+
| |RTL Partition |Replication |Instances |
+-+--------------+------------+----------+
+-+--------------+------------+----------+
---------------------------------------------------------------------------------
Start Technology Mapping
---------------------------------------------------------------------------------
---------------------------------------------------------------------------------
Finished Technology Mapping : Time (s): cpu = 00:00:10 ; elapsed = 00:00:15 . Memory (MB): peak = 455.719 ; gain = 249.414
---------------------------------------------------------------------------------
Finished Parallel Technology Mapping Optimization  : Time (s): cpu = 00:00:10 ; elapsed = 00:00:15 . Memory (MB): peak = 455.719 ; gain = 249.414

Report RTL Partitions: 
+-+--------------+------------+----------+
| |RTL Partition |Replication |Instances |
+-+--------------+------------+----------+
+-+--------------+------------+----------+
Finished Parallel Synthesis Optimization  : Time (s): cpu = 00:00:10 ; elapsed = 00:00:15 . Memory (MB): peak = 455.719 ; gain = 249.414
---------------------------------------------------------------------------------
Start IO Insertion
---------------------------------------------------------------------------------
---------------------------------------------------------------------------------
Start Flattening Before IO Insertion
---------------------------------------------------------------------------------
---------------------------------------------------------------------------------
Finished Flattening Before IO Insertion
---------------------------------------------------------------------------------
---------------------------------------------------------------------------------
Start Final Netlist Cleanup
---------------------------------------------------------------------------------
---------------------------------------------------------------------------------
Finished Final Netlist Cleanup
---------------------------------------------------------------------------------
---------------------------------------------------------------------------------
Finished IO Insertion : Time (s): cpu = 00:00:10 ; elapsed = 00:00:16 . Memory (MB): peak = 455.719 ; gain = 249.414
---------------------------------------------------------------------------------

Report Check Netlist: 
+------+------------------+-------+---------+-------+------------------+
|      |Item              |Errors |Warnings |Status |Description       |
+------+------------------+-------+---------+-------+------------------+
|1     |multi_driven_nets |      0|        0|Passed |Multi driven nets |
+------+------------------+-------+---------+-------+------------------+
---------------------------------------------------------------------------------
Start Renaming Generated Instances
---------------------------------------------------------------------------------
---------------------------------------------------------------------------------
Finished Renaming Generated Instances : Time (s): cpu = 00:00:10 ; elapsed = 00:00:16 . Memory (MB): peak = 455.719 ; gain = 249.414
---------------------------------------------------------------------------------

Report RTL Partitions: 
+-+--------------+------------+----------+
| |RTL Partition |Replication |Instances |
+-+--------------+------------+----------+
+-+--------------+------------+----------+
---------------------------------------------------------------------------------
Start Rebuilding User Hierarchy
---------------------------------------------------------------------------------
---------------------------------------------------------------------------------
Finished Rebuilding User Hierarchy : Time (s): cpu = 00:00:10 ; elapsed = 00:00:16 . Memory (MB): peak = 455.719 ; gain = 249.414
---------------------------------------------------------------------------------
---------------------------------------------------------------------------------
Start Renaming Generated Ports
---------------------------------------------------------------------------------
---------------------------------------------------------------------------------
Finished Renaming Generated Ports : Time (s): cpu = 00:00:10 ; elapsed = 00:00:16 . Memory (MB): peak = 455.719 ; gain = 249.414
---------------------------------------------------------------------------------
---------------------------------------------------------------------------------
Start Handling Custom Attributes
---------------------------------------------------------------------------------
---------------------------------------------------------------------------------
Finished Handling Custom Attributes : Time (s): cpu = 00:00:10 ; elapsed = 00:00:16 . Memory (MB): peak = 455.719 ; gain = 249.414
---------------------------------------------------------------------------------
---------------------------------------------------------------------------------
Start Renaming Generated Nets
---------------------------------------------------------------------------------
---------------------------------------------------------------------------------
Finished Renaming Generated Nets : Time (s): cpu = 00:00:10 ; elapsed = 00:00:16 . Memory (MB): peak = 455.719 ; gain = 249.414
---------------------------------------------------------------------------------
---------------------------------------------------------------------------------
Start Writing Synthesis Report
---------------------------------------------------------------------------------

Report BlackBoxes: 
+-+--------------+----------+
| |BlackBox name |Instances |
+-+--------------+----------+
+-+--------------+----------+

Report Cell Usage: 
+------+-----+------+
|      |Cell |Count |
+------+-----+------+
|1     |BUFG |     1|
|2     |LUT2 |     5|
|3     |LUT3 |     9|
|4     |LUT4 |    10|
|5     |LUT5 |    10|
|6     |LUT6 |    30|
|7     |FDCE |    20|
|8     |FDPE |     8|
|9     |IBUF |     3|
|10    |OBUF |    15|
+------+-----+------+

Report Instance Areas: 
+------+-----------------+--------------+------+
|      |Instance         |Module        |Cells |
+------+-----------------+--------------+------+
|1     |top              |              |   111|
|2     |  u_control      |control       |    18|
|3     |  u_operative    |operative     |    74|
|4     |    u_counter_1s |counter_1s    |    15|
|5     |    u_counter_2s |counter_sec   |    11|
|6     |    u_counter_4s |counter_sec_0 |    12|
|7     |    u_counter_7s |counter_sec_1 |    22|
|8     |    u_counter_9s |counter_sec_2 |    13|
|9     |    u_mux        |mux           |     1|
+------+-----------------+--------------+------+
---------------------------------------------------------------------------------
Finished Writing Synthesis Report : Time (s): cpu = 00:00:10 ; elapsed = 00:00:16 . Memory (MB): peak = 455.719 ; gain = 249.414
---------------------------------------------------------------------------------
Synthesis finished with 0 errors, 0 critical warnings and 0 warnings.
Synthesis Optimization Runtime : Time (s): cpu = 00:00:08 ; elapsed = 00:00:13 . Memory (MB): peak = 455.719 ; gain = 249.414
Synthesis Optimization Complete : Time (s): cpu = 00:00:10 ; elapsed = 00:00:16 . Memory (MB): peak = 455.719 ; gain = 249.414
INFO: [Project 1-571] Translating synthesized netlist
INFO: [Netlist 29-17] Analyzing 3 Unisim elements for replacement
INFO: [Netlist 29-28] Unisim Transformation completed in 0 CPU seconds
INFO: [Project 1-570] Preparing netlist for logic optimization
INFO: [Opt 31-138] Pushed 0 inverter(s) to 0 load pin(s).
INFO: [Project 1-111] Unisim Transformation Summary:
No Unisim elements were transformed.

INFO: [Common 17-83] Releasing license: Synthesis
36 Infos, 0 Warnings, 0 Critical Warnings and 0 Errors encountered.
synth_design completed successfully
synth_design: Time (s): cpu = 00:00:10 ; elapsed = 00:00:18 . Memory (MB): peak = 520.461 ; gain = 314.156
report_utilization: Time (s): cpu = 00:00:00 ; elapsed = 00:00:00.050 . Memory (MB): peak = 520.461 ; gain = 0.000
INFO: [Common 17-206] Exiting Vivado at Wed Apr 18 09:28:01 2018...
