INFO: [VRFC 10-163] Analyzing VHDL file "D:/imt/vhdl-imt/game_final/game_final.srcs/sources_1/imports/new/bin2bcd.vhd" into library xil_defaultlib
INFO: [VRFC 10-307] analyzing entity bin2bcd
INFO: [VRFC 10-163] Analyzing VHDL file "D:/imt/vhdl-imt/game_final/game_final.srcs/sources_1/imports/new/score.vhd" into library xil_defaultlib
INFO: [VRFC 10-307] analyzing entity score
INFO: [VRFC 10-163] Analyzing VHDL file "D:/imt/vhdl-imt/game_final/game_final.srcs/sources_1/imports/new/board_matrix.vhd" into library xil_defaultlib
INFO: [VRFC 10-307] analyzing entity board_matrix
INFO: [VRFC 10-163] Analyzing VHDL file "D:/imt/vhdl-imt/game_final/game_final.srcs/sources_1/imports/new/prbs.vhd" into library xil_defaultlib
INFO: [VRFC 10-307] analyzing entity prbs
INFO: [VRFC 10-163] Analyzing VHDL file "D:/imt/vhdl-imt/game_final/game_final.srcs/sources_1/imports/new/player_vector.vhd" into library xil_defaultlib
INFO: [VRFC 10-307] analyzing entity player_vector
INFO: [VRFC 10-163] Analyzing VHDL file "D:/imt/vhdl-imt/game_final/game_final.srcs/sources_1/imports/new/collision.vhd" into library xil_defaultlib
INFO: [VRFC 10-307] analyzing entity collision
INFO: [VRFC 10-163] Analyzing VHDL file "D:/imt/vhdl-imt/game_final/game_final.srcs/sources_1/imports/new/vga_controller.vhd" into library xil_defaultlib
INFO: [VRFC 10-307] analyzing entity vga_controller_640_60
INFO: [VRFC 10-163] Analyzing VHDL file "D:/imt/vhdl-imt/game_final/game_final.srcs/sources_1/imports/new/game_controller.vhd" into library xil_defaultlib
INFO: [VRFC 10-307] analyzing entity game_controller
INFO: [VRFC 10-163] Analyzing VHDL file "D:/imt/vhdl-imt/game_final/game_final.srcs/sources_1/imports/new/clk_wiz_v3_6.vhd" into library xil_defaultlib
INFO: [VRFC 10-307] analyzing entity clk_wiz_v3_6
INFO: [VRFC 10-163] Analyzing VHDL file "D:/imt/vhdl-imt/game_final/game_final.srcs/sources_1/imports/new/player_tick_gen.vhd" into library xil_defaultlib
INFO: [VRFC 10-307] analyzing entity player_tick_gen
INFO: [VRFC 10-163] Analyzing VHDL file "D:/imt/vhdl-imt/game_final/game_final.srcs/sources_1/imports/new/tick_generator.vhd" into library xil_defaultlib
INFO: [VRFC 10-307] analyzing entity tick_gen
INFO: [VRFC 10-163] Analyzing VHDL file "D:/imt/vhdl-imt/game_final/game_final.srcs/sources_1/imports/new/tdm_displays.vhd" into library xil_defaultlib
INFO: [VRFC 10-307] analyzing entity tdm_displays
INFO: [VRFC 10-163] Analyzing VHDL file "D:/imt/vhdl-imt/game_final/game_final.srcs/sources_1/imports/new/top.vhd" into library xil_defaultlib
INFO: [VRFC 10-307] analyzing entity top
INFO: [VRFC 10-163] Analyzing VHDL file "D:/imt/vhdl-imt/game_final/game_final.srcs/sim_1/imports/new/tb_top.vhd" into library xil_defaultlib
INFO: [VRFC 10-307] analyzing entity tb_top
