ISim log file
Running: C:\Users\orcad\Carrefour\tb_top_isim_beh.exe -intstyle ise -gui -tclbatch isim.cmd -wdb C:/Users/orcad/Carrefour/tb_top_isim_beh.wdb 
ISim P.20131013 (signature 0x7708f090)
This is a Full version of ISim.
Time resolution is 1 ps
# onerror resume
# wave add /
# run 1000 ns
Simulator is doing circuit initialization process.
at 0 ps, Instance /tb_top/u_top/u_operative/u_counter_1s/ : Warning: NUMERIC_STD."=": metavalue detected, returning FALSE
at 0 ps, Instance /tb_top/u_top/u_operative/u_counter_9s/ : Warning: NUMERIC_STD."=": metavalue detected, returning FALSE
at 0 ps, Instance /tb_top/u_top/u_operative/u_counter_7s/ : Warning: NUMERIC_STD."=": metavalue detected, returning FALSE
at 0 ps, Instance /tb_top/u_top/u_operative/u_counter_4s/ : Warning: NUMERIC_STD."=": metavalue detected, returning FALSE
at 0 ps, Instance /tb_top/u_top/u_operative/u_counter_2s/ : Warning: NUMERIC_STD."=": metavalue detected, returning FALSE
Finished circuit initialization process.
# run 1.00us
# run 1.00us
# run 1.00us
# run 1.00us
ISim P.20131013 (signature 0x7708f090)
This is a Full version of ISim.
# run 1000 ns
Simulator is doing circuit initialization process.
at 0 ps, Instance /tb_top/u_top/u_operative/u_counter_1s/ : Warning: NUMERIC_STD."=": metavalue detected, returning FALSE
at 0 ps, Instance /tb_top/u_top/u_operative/u_counter_9s/ : Warning: NUMERIC_STD."=": metavalue detected, returning FALSE
at 0 ps, Instance /tb_top/u_top/u_operative/u_counter_7s/ : Warning: NUMERIC_STD."=": metavalue detected, returning FALSE
at 0 ps, Instance /tb_top/u_top/u_operative/u_counter_4s/ : Warning: NUMERIC_STD."=": metavalue detected, returning FALSE
at 0 ps, Instance /tb_top/u_top/u_operative/u_counter_2s/ : Warning: NUMERIC_STD."=": metavalue detected, returning FALSE
Finished circuit initialization process.
# restart
# run all
Simulator is doing circuit initialization process.
at 0 ps, Instance /tb_top/u_top/u_operative/u_counter_1s/ : Warning: NUMERIC_STD."=": metavalue detected, returning FALSE
at 0 ps, Instance /tb_top/u_top/u_operative/u_counter_9s/ : Warning: NUMERIC_STD."=": metavalue detected, returning FALSE
at 0 ps, Instance /tb_top/u_top/u_operative/u_counter_7s/ : Warning: NUMERIC_STD."=": metavalue detected, returning FALSE
at 0 ps, Instance /tb_top/u_top/u_operative/u_counter_4s/ : Warning: NUMERIC_STD."=": metavalue detected, returning FALSE
at 0 ps, Instance /tb_top/u_top/u_operative/u_counter_2s/ : Warning: NUMERIC_STD."=": metavalue detected, returning FALSE
Finished circuit initialization process.
Stopped at time : 183500600 ns : File "C:/Users/orcad/Downloads/carrefour/carrefour.srcs/sim_1/new/tb_top.vhd" Line 44
# run 1.00us
# run 1.00us
# run 1.00us
# run 1.00us
# run all
Stopped at time : 1353909750 ns : File "C:/Users/orcad/Downloads/carrefour/carrefour.srcs/sources_1/new/counter_1s.vhd" Line 39
ISim P.20131013 (signature 0x7708f090)
This is a Full version of ISim.
# run 1000 ns
Simulator is doing circuit initialization process.
at 0 ps, Instance /tb_top/u_top/u_operative/u_counter_1s/ : Warning: NUMERIC_STD."=": metavalue detected, returning FALSE
at 0 ps, Instance /tb_top/u_top/u_operative/u_counter_9s/ : Warning: NUMERIC_STD."=": metavalue detected, returning FALSE
at 0 ps, Instance /tb_top/u_top/u_operative/u_counter_7s/ : Warning: NUMERIC_STD."=": metavalue detected, returning FALSE
at 0 ps, Instance /tb_top/u_top/u_operative/u_counter_4s/ : Warning: NUMERIC_STD."=": metavalue detected, returning FALSE
at 0 ps, Instance /tb_top/u_top/u_operative/u_counter_2s/ : Warning: NUMERIC_STD."=": metavalue detected, returning FALSE
Finished circuit initialization process.
